0 info it worked if it ends with ok
1 verbose cli [ '/usr/local/bin/node',
1 verbose cli   '/usr/local/bin/npm',
1 verbose cli   'install',
1 verbose cli   '-g',
1 verbose cli   'nodemon' ]
2 info using npm@2.15.0
3 info using node@v4.4.2
4 verbose install initial load of /usr/local/lib/package.json
5 verbose readDependencies loading dependencies from /usr/local/lib/package.json
6 silly cache add args [ 'nodemon', null ]
7 verbose cache add spec nodemon
8 silly cache add parsed spec Result {
8 silly cache add   raw: 'nodemon',
8 silly cache add   scope: null,
8 silly cache add   name: 'nodemon',
8 silly cache add   rawSpec: '',
8 silly cache add   spec: 'latest',
8 silly cache add   type: 'tag' }
9 silly addNamed nodemon@latest
10 verbose addNamed "latest" is being treated as a dist-tag for nodemon
11 info addNameTag [ 'nodemon', 'latest' ]
12 silly mapToRegistry name nodemon
13 silly mapToRegistry using default registry
14 silly mapToRegistry registry https://registry.npmjs.org/
15 silly mapToRegistry data Result {
15 silly mapToRegistry   raw: 'nodemon',
15 silly mapToRegistry   scope: null,
15 silly mapToRegistry   name: 'nodemon',
15 silly mapToRegistry   rawSpec: '',
15 silly mapToRegistry   spec: 'latest',
15 silly mapToRegistry   type: 'tag' }
16 silly mapToRegistry uri https://registry.npmjs.org/nodemon
17 verbose addNameTag registry:https://registry.npmjs.org/nodemon not in flight; fetching
18 verbose request uri https://registry.npmjs.org/nodemon
19 verbose request no auth needed
20 info attempt registry request try #1 at 11:43:34 PM
21 verbose request using bearer token for auth
22 verbose request id ffabeb3b1b8ea3e6
23 verbose etag "ZA6KNJ21J3PLFQB7E04N8ZU6"
24 http request GET https://registry.npmjs.org/nodemon
25 http 304 https://registry.npmjs.org/nodemon
26 verbose headers { 'cache-control': 'max-age=300',
26 verbose headers   'accept-ranges': 'bytes',
26 verbose headers   date: 'Fri, 29 Apr 2016 06:43:34 GMT',
26 verbose headers   via: '1.1 varnish',
26 verbose headers   connection: 'keep-alive',
26 verbose headers   'x-served-by': 'cache-lax1433-LAX',
26 verbose headers   'x-cache': 'MISS',
26 verbose headers   'x-cache-hits': '0',
26 verbose headers   'x-timer': 'S1461912214.469044,VS0,VE174',
26 verbose headers   vary: 'Accept-Encoding' }
27 silly get cb [ 304,
27 silly get   { 'cache-control': 'max-age=300',
27 silly get     'accept-ranges': 'bytes',
27 silly get     date: 'Fri, 29 Apr 2016 06:43:34 GMT',
27 silly get     via: '1.1 varnish',
27 silly get     connection: 'keep-alive',
27 silly get     'x-served-by': 'cache-lax1433-LAX',
27 silly get     'x-cache': 'MISS',
27 silly get     'x-cache-hits': '0',
27 silly get     'x-timer': 'S1461912214.469044,VS0,VE174',
27 silly get     vary: 'Accept-Encoding' } ]
28 verbose etag https://registry.npmjs.org/nodemon from cache
29 verbose get saving nodemon to /Users/rachelburke/.npm/registry.npmjs.org/nodemon/.cache.json
30 verbose correctMkdir /Users/rachelburke/.npm correctMkdir not in flight; initializing
31 silly addNameTag next cb for nodemon with tag latest
32 silly addNamed nodemon@1.9.1
33 verbose addNamed "1.9.1" is a plain semver version for nodemon
34 silly cache afterAdd nodemon@1.9.1
35 verbose afterAdd /Users/rachelburke/.npm/nodemon/1.9.1/package/package.json not in flight; writing
36 verbose correctMkdir /Users/rachelburke/.npm correctMkdir not in flight; initializing
37 verbose afterAdd /Users/rachelburke/.npm/nodemon/1.9.1/package/package.json written
38 silly install resolved [ { name: 'nodemon',
38 silly install resolved     homepage: 'http://nodemon.io',
38 silly install resolved     author: { name: 'Remy Sharp', url: 'http://github.com/remy' },
38 silly install resolved     bin: { nodemon: './bin/nodemon.js' },
38 silly install resolved     engines: { node: '>=0.8' },
38 silly install resolved     repository: { type: 'git', url: 'git+https://github.com/remy/nodemon.git' },
38 silly install resolved     description: 'Simple monitor script for use during development of a node.js app.',
38 silly install resolved     keywords:
38 silly install resolved      [ 'monitor',
38 silly install resolved        'development',
38 silly install resolved        'restart',
38 silly install resolved        'autoload',
38 silly install resolved        'reload',
38 silly install resolved        'terminal' ],
38 silly install resolved     license: 'MIT',
38 silly install resolved     main: './lib/nodemon',
38 silly install resolved     scripts:
38 silly install resolved      { coverage: 'istanbul cover _mocha -- --timeout 30000 --ui bdd --reporter list test/**/*.test.js',
38 silly install resolved        lint: 'jscs lib/**/*.js -v',
38 silly install resolved        ':spec': 'mocha --timeout 30000 --ui bdd test/**/*.test.js',
38 silly install resolved        test: 'npm run lint && npm run spec',
38 silly install resolved        spec: 'for FILE in test/**/*.test.js; do echo $FILE; ./node_modules/.bin/mocha --timeout 30000 $FILE; if [ $? -ne 0 ]; then exit 1; fi; sleep 1; done',
38 silly install resolved        web: 'node web',
38 silly install resolved        'semantic-release': 'semantic-release pre && npm publish && semantic-release post' },
38 silly install resolved     devDependencies:
38 silly install resolved      { async: '1.4.2',
38 silly install resolved        'coffee-script': '~1.7.1',
38 silly install resolved        connect: '~2.19.1',
38 silly install resolved        istanbul: '~0.2.10',
38 silly install resolved        jscs: '2.1.1',
38 silly install resolved        mocha: '2.3.3',
38 silly install resolved        should: '~4.0.0',
38 silly install resolved        'semantic-release': '4.3.5' },
38 silly install resolved     dependencies:
38 silly install resolved      { chokidar: '^1.2.0',
38 silly install resolved        debug: '^2.2.0',
38 silly install resolved        'es6-promise': '^3.0.2',
38 silly install resolved        'ignore-by-default': '^1.0.0',
38 silly install resolved        'lodash.defaults': '^3.1.2',
38 silly install resolved        minimatch: '^3.0.0',
38 silly install resolved        'ps-tree': '^1.0.1',
38 silly install resolved        touch: '1.0.0',
38 silly install resolved        undefsafe: '0.0.3',
38 silly install resolved        'update-notifier': '0.5.0' },
38 silly install resolved     version: '1.9.1',
38 silly install resolved     gitHead: '6ccb29864c7a17b578a5a09b9a2dd382bbb41066',
38 silly install resolved     bugs: { url: 'https://github.com/remy/nodemon/issues' },
38 silly install resolved     _id: 'nodemon@1.9.1',
38 silly install resolved     _shasum: '442071f88c39d801fb0bdfd209413da5dce6dad3',
38 silly install resolved     _from: 'nodemon@latest',
38 silly install resolved     _npmVersion: '2.14.20',
38 silly install resolved     _nodeVersion: '5.7.0',
38 silly install resolved     _npmUser: { name: 'remy', email: 'remy@leftlogic.com' },
38 silly install resolved     dist:
38 silly install resolved      { shasum: '442071f88c39d801fb0bdfd209413da5dce6dad3',
38 silly install resolved        tarball: 'https://registry.npmjs.org/nodemon/-/nodemon-1.9.1.tgz' },
38 silly install resolved     maintainers: [ [Object] ],
38 silly install resolved     _npmOperationalInternal:
38 silly install resolved      { host: 'packages-9-west.internal.npmjs.com',
38 silly install resolved        tmp: 'tmp/nodemon-1.9.1.tgz_1456434782204_0.8090351007413119' },
38 silly install resolved     directories: {},
38 silly install resolved     _resolved: 'https://registry.npmjs.org/nodemon/-/nodemon-1.9.1.tgz',
38 silly install resolved     readme: 'ERROR: No README data found!' } ]
39 info install nodemon@1.9.1 into /usr/local/lib
40 info installOne nodemon@1.9.1
41 verbose installOne of nodemon to /usr/local/lib not in flight; installing
42 verbose correctMkdir /Users/rachelburke/.npm/_locks correctMkdir not in flight; initializing
43 verbose lock using /Users/rachelburke/.npm/_locks/nodemon-49f7ed19e778991e.lock for /usr/local/lib/node_modules/nodemon
44 silly install write writing nodemon 1.9.1 to /usr/local/lib/node_modules/nodemon
45 verbose unbuild lib/node_modules/nodemon
46 info preuninstall nodemon@1.8.1
47 info uninstall nodemon@1.8.1
48 verbose unbuild rmStuff nodemon@1.8.1 from /usr/local/lib/node_modules
49 silly gentlyRm /usr/local/bin/nodemon is being gently removed
50 silly gentlyRm verifying /usr/local is an npm working directory
51 silly gentlyRm containing path /usr/local is under npm's control, in /usr/local
52 silly gentlyRm deletion target /usr/local/bin/nodemon is under /usr/local
53 verbose gentlyRm vacuuming from /usr/local/bin/nodemon up to /usr/local
54 info postuninstall nodemon@1.8.1
55 silly gentlyRm /usr/local/lib/node_modules/nodemon is being purged from base /usr/local
56 verbose gentlyRm don't care about contents; nuking /usr/local/lib/node_modules/nodemon
57 silly vacuum-fs purging /usr/local/lib/node_modules/nodemon
58 verbose unlock done using /Users/rachelburke/.npm/_locks/nodemon-49f7ed19e778991e.lock for /usr/local/lib/node_modules/nodemon
59 verbose stack Error: EACCES: permission denied, rmdir '/usr/local/lib/node_modules/nodemon'
59 verbose stack     at Error (native)
60 verbose cwd /Users/rachelburke/seattle-javascript-401d7/week_3/Friday/rest_api/RachelBurke
61 error Darwin 14.5.0
62 error argv "/usr/local/bin/node" "/usr/local/bin/npm" "install" "-g" "nodemon"
63 error node v4.4.2
64 error npm  v2.15.0
65 error path /usr/local/lib/node_modules/nodemon
66 error code EACCES
67 error errno -13
68 error syscall rmdir
69 error Error: EACCES: permission denied, rmdir '/usr/local/lib/node_modules/nodemon'
69 error     at Error (native)
69 error  { [Error: EACCES: permission denied, rmdir '/usr/local/lib/node_modules/nodemon']
69 error   errno: -13,
69 error   code: 'EACCES',
69 error   syscall: 'rmdir',
69 error   path: '/usr/local/lib/node_modules/nodemon' }
70 error Please try running this command again as root/Administrator.
71 verbose exit [ -13, true ]
72 verbose unbuild lib/node_modules/nodemon
73 info preuninstall nodemon@1.8.1
74 info uninstall nodemon@1.8.1
75 verbose unbuild rmStuff nodemon@1.8.1 from /usr/local/lib/node_modules
76 silly gentlyRm /usr/local/bin/nodemon is being gently removed
77 silly gentlyRm verifying /usr/local is an npm working directory
78 silly gentlyRm containing path /usr/local is under npm's control, in /usr/local
79 silly gentlyRm deletion target /usr/local/bin/nodemon is under /usr/local
80 verbose gentlyRm vacuuming from /usr/local/bin/nodemon up to /usr/local
81 info postuninstall nodemon@1.8.1
82 silly gentlyRm /usr/local/lib/node_modules/nodemon is being purged from base /usr/local
83 verbose gentlyRm don't care about contents; nuking /usr/local/lib/node_modules/nodemon
84 silly vacuum-fs purging /usr/local/lib/node_modules/nodemon
85 error error rolling back Error: EACCES: permission denied, rmdir '/usr/local/lib/node_modules/nodemon'
85 error error rolling back     at Error (native)
85 error error rolling back  { [Error: EACCES: permission denied, rmdir '/usr/local/lib/node_modules/nodemon']
85 error error rolling back   errno: -13,
85 error error rolling back   code: 'EACCES',
85 error error rolling back   syscall: 'rmdir',
85 error error rolling back   path: '/usr/local/lib/node_modules/nodemon' }
